Compiling C:\Users\harut\Desktop\MIS_MCU_CCSC\main on 17-4-25 at 10:06
*** Error 1 "C:\Program Files (x86)\PICC\Devices\18F67J94.h" Line 1279(1,2): Illegal C character in input file  0x80
*** Error 1 "C:\Program Files (x86)\PICC\Devices\18F67J94.h" Line 1279(1,2): Illegal C character in input file  0x00
*** Error 1 "C:\Program Files (x86)\PICC\Devices\18F67J94.h" Line 1279(3,4): Illegal C character in input file  0xCB
*** Error 1 "C:\Program Files (x86)\PICC\Devices\18F67J94.h" Line 1279(3,4): Illegal C character in input file  0x00
*** Error 1 "C:\Program Files (x86)\PICC\Devices\18F67J94.h" Line 1279(3,4): Illegal C character in input file  0x00
*** Error 1 "C:\Program Files (x86)\PICC\Devices\18F67J94.h" Line 1279(3,4): Illegal C character in input file  0xFF
*** Error 1 "C:\Program Files (x86)\PICC\Devices\18F67J94.h" Line 1279(3,4): Illegal C character in input file  0xFF
*** Error 1 "C:\Program Files (x86)\PICC\Devices\18F67J94.h" Line 1279(3,4): Illegal C character in input file  0xFF
*** Error 1 "C:\Program Files (x86)\PICC\Devices\18F67J94.h" Line 1279(3,4): Illegal C character in input file  0x00
*** Error 1 "C:\Program Files (x86)\PICC\Devices\18F67J94.h" Line 1279(3,4): Illegal C character in input file  0x07
*** Error 1 "C:\Program Files (x86)\PICC\Devices\18F67J94.h" Line 1279(3,4): Illegal C character in input file  0x00
*** Error 1 "C:\Program Files (x86)\PICC\Devices\18F67J94.h" Line 1279(3,4): Illegal C character in input file  0x00
*** Error 1 "C:\Program Files (x86)\PICC\Devices\18F67J94.h" Line 1279(3,4): Illegal C character in input file  0x00
*** Error 1 "C:\Program Files (x86)\PICC\Devices\18F67J94.h" Line 1279(3,4): Illegal C character in input file  0x00
*** Error 1 "C:\Program Files (x86)\PICC\Devices\18F67J94.h" Line 1279(3,4): Illegal C character in input file  0x00
*** Error 1 "C:\Program Files (x86)\PICC\Devices\18F67J94.h" Line 1279(3,4): Illegal C character in input file  0x00
*** Error 1 "C:\Program Files (x86)\PICC\Devices\18F67J94.h" Line 1279(3,4): Illegal C character in input file  0x00
*** Error 1 "C:\Program Files (x86)\PICC\Devices\18F67J94.h" Line 1279(3,4): Illegal C character in input file  0x9A
*** Error 1 "C:\Program Files (x86)\PICC\Devices\18F67J94.h" Line 1279(3,4): Illegal C character in input file  0xC6
*** Error 1 "C:\Program Files (x86)\PICC\Devices\18F67J94.h" Line 1279(3,4): Illegal C character in input file  0x02
*** Error 32 "C:\Program Files (x86)\PICC\Devices\18F67J94.h" Line 1279(1,2): Expecting a , or )
*** Error 1 "C:\Program Files (x86)\PICC\Devices\18F67J94.h" Line 1279(11,12): Illegal C character in input file  0xD7
*** Error 1 "C:\Program Files (x86)\PICC\Devices\18F67J94.h" Line 1279(11,12): Illegal C character in input file  0xB7
*** Error 1 "C:\Program Files (x86)\PICC\Devices\18F67J94.h" Line 1279(14,15): Illegal C character in input file  0x8D
*** Error 48 "C:\Program Files (x86)\PICC\Devices\18F67J94.h" Line 1279(11,12): Expecting a (
*** Error 1 "C:\Program Files (x86)\PICC\Devices\18F67J94.h" Line 1279(16,17): Illegal C character in input file  0xE6
*** Error 1 "C:\Program Files (x86)\PICC\Devices\18F67J94.h" Line 1279(16,17): Illegal C character in input file  0x40
*** Error 1 "C:\Program Files (x86)\PICC\Devices\18F67J94.h" Line 1279(16,17): Illegal C character in input file  0x01
*** Error 1 "C:\Program Files (x86)\PICC\Devices\18F67J94.h" Line 1279(16,17): Illegal C character in input file  0x00
*** Error 1 "C:\Program Files (x86)\PICC\Devices\18F67J94.h" Line 1279(16,17): Illegal C character in input file  0x00
*** Error 1 "C:\Program Files (x86)\PICC\Devices\18F67J94.h" Line 1279(16,17): Illegal C character in input file  0x00
*** Error 1 "C:\Program Files (x86)\PICC\Devices\18F67J94.h" Line 1279(16,17): Illegal C character in input file  0x00
*** Error 1 "C:\Program Files (x86)\PICC\Devices\18F67J94.h" Line 1279(16,17): Illegal C character in input file  0x00
*** Error 1 "C:\Program Files (x86)\PICC\Devices\18F67J94.h" Line 1279(16,17): Illegal C character in input file  0x00
*** Error 1 "C:\Program Files (x86)\PICC\Devices\18F67J94.h" Line 1279(16,17): Illegal C character in input file  0x00
*** Error 43 "C:\Program Files (x86)\PICC\Devices\18F67J94.h" Line 1279(16,17): Expecting a declaration
*** Error 1 "C:\Program Files (x86)\PICC\Devices\18F67J94.h" Line 1279(18,19): Illegal C character in input file  0x05
*** Error 1 "C:\Program Files (x86)\PICC\Devices\18F67J94.h" Line 1279(18,19): Illegal C character in input file  0x00
*** Error 1 "C:\Program Files (x86)\PICC\Devices\18F67J94.h" Line 1279(18,19): Illegal C character in input file  0x00
*** Error 1 "C:\Program Files (x86)\PICC\Devices\18F67J94.h" Line 1279(18,19): Illegal C character in input file  0xB0
*** Error 1 "C:\Program Files (x86)\PICC\Devices\18F67J94.h" Line 1279(18,19): Illegal C character in input file  0xD7
*** Error 1 "C:\Program Files (x86)\PICC\Devices\18F67J94.h" Line 1279(18,19): Illegal C character in input file  0x01
*** Error 1 "C:\Program Files (x86)\PICC\Devices\18F67J94.h" Line 1279(18,19): Illegal C character in input file  0x00
*** Error 1 "C:\Program Files (x86)\PICC\Devices\18F67J94.h" Line 1279(18,19): Illegal C character in input file  0x80
*** Error 1 "C:\Program Files (x86)\PICC\Devices\18F67J94.h" Line 1279(18,19): Illegal C character in input file  0x00
*** Error 1 "C:\Program Files (x86)\PICC\Devices\18F67J94.h" Line 1279(18,19): Illegal C character in input file  0x00
*** Error 1 "C:\Program Files (x86)\PICC\Devices\18F67J94.h" Line 1279(18,19): Illegal C character in input file  0x00
*** Error 1 "C:\Program Files (x86)\PICC\Devices\18F67J94.h" Line 1279(18,19): Illegal C character in input file  0x00
*** Error 1 "C:\Program Files (x86)\PICC\Devices\18F67J94.h" Line 1279(18,19): Illegal C character in input file  0x00
*** Error 1 "C:\Program Files (x86)\PICC\Devices\18F67J94.h" Line 1279(18,19): Illegal C character in input file  0x00
*** Error 1 "C:\Program Files (x86)\PICC\Devices\18F67J94.h" Line 1279(18,19): Illegal C character in input file  0x00
*** Error 1 "C:\Program Files (x86)\PICC\Devices\18F67J94.h" Line 1279(18,19): Illegal C character in input file  0x00
*** Error 1 "C:\Program Files (x86)\PICC\Devices\18F67J94.h" Line 1279(18,19): Illegal C character in input file  0x00
*** Error 1 "C:\Program Files (x86)\PICC\Devices\18F67J94.h" Line 1279(18,19): Illegal C character in input file  0x00
*** Error 1 "C:\Program Files (x86)\PICC\Devices\18F67J94.h" Line 1279(18,19): Illegal C character in input file  0x00
*** Error 43 "C:\Program Files (x86)\PICC\Devices\18F67J94.h" Line 1279(18,19): Expecting a declaration
*** Error 28 "C:\Program Files (x86)\PICC\Devices\18F67J94.h" Line 1280(25,29): Expecting an identifier
*** Error 1 "C:\Program Files (x86)\PICC\Devices\18F67J94.h" Line 1281(1,2): Illegal C character in input file  0x80
*** Error 1 "C:\Program Files (x86)\PICC\Devices\18F67J94.h" Line 1281(1,2): Illegal C character in input file  0x00
*** Error 1 "C:\Program Files (x86)\PICC\Devices\18F67J94.h" Line 1281(1,2): Illegal C character in input file  0x96
*** Error 1 "C:\Program Files (x86)\PICC\Devices\18F67J94.h" Line 1281(1,2): Illegal C character in input file  0xCC
*** Error 1 "C:\Program Files (x86)\PICC\Devices\18F67J94.h" Line 1281(1,2): Illegal C character in input file  0x00
*** Error 1 "C:\Program Files (x86)\PICC\Devices\18F67J94.h" Line 1281(1,2): Illegal C character in input file  0x00
*** Error 1 "C:\Program Files (x86)\PICC\Devices\18F67J94.h" Line 1281(1,2): Illegal C character in input file  0xFF
*** Error 1 "C:\Program Files (x86)\PICC\Devices\18F67J94.h" Line 1281(1,2): Illegal C character in input file  0xFF
*** Error 1 "C:\Program Files (x86)\PICC\Devices\18F67J94.h" Line 1281(1,2): Illegal C character in input file  0xFF
*** Error 1 "C:\Program Files (x86)\PICC\Devices\18F67J94.h" Line 1281(1,2): Illegal C character in input file  0x00
*** Error 1 "C:\Program Files (x86)\PICC\Devices\18F67J94.h" Line 1281(1,2): Illegal C character in input file  0x07
*** Error 1 "C:\Program Files (x86)\PICC\Devices\18F67J94.h" Line 1281(1,2): Illegal C character in input file  0x00
*** Error 1 "C:\Program Files (x86)\PICC\Devices\18F67J94.h" Line 1281(1,2): Illegal C character in input file  0x00
*** Error 1 "C:\Program Files (x86)\PICC\Devices\18F67J94.h" Line 1281(1,2): Illegal C character in input file  0x00
*** Error 1 "C:\Program Files (x86)\PICC\Devices\18F67J94.h" Line 1281(1,2): Illegal C character in input file  0x00
*** Error 1 "C:\Program Files (x86)\PICC\Devices\18F67J94.h" Line 1281(1,2): Illegal C character in input file  0x00
*** Error 1 "C:\Program Files (x86)\PICC\Devices\18F67J94.h" Line 1281(1,2): Illegal C character in input file  0x00
*** Error 1 "C:\Program Files (x86)\PICC\Devices\18F67J94.h" Line 1281(1,2): Illegal C character in input file  0x00
*** Error 1 "C:\Program Files (x86)\PICC\Devices\18F67J94.h" Line 1281(1,2): Illegal C character in input file  0xA3
*** Error 1 "C:\Program Files (x86)\PICC\Devices\18F67J94.h" Line 1281(1,2): Illegal C character in input file  0xFA
*** Error 32 "C:\Program Files (x86)\PICC\Devices\18F67J94.h" Line 1281(1,2): Expecting a , or )
*** Error 43 "C:\Program Files (x86)\PICC\Devices\18F67J94.h" Line 1281(11,12): Expecting a declaration
*** Error 1 "C:\Program Files (x86)\PICC\Devices\18F67J94.h" Line 1281(12,13): Illegal C character in input file  0xD7
*** Error 1 "C:\Program Files (x86)\PICC\Devices\18F67J94.h" Line 1281(12,13): Illegal C character in input file  0xB7
*** Error 1 "C:\Program Files (x86)\PICC\Devices\18F67J94.h" Line 1281(15,16): Illegal C character in input file  0x8D
*** Error 48 "C:\Program Files (x86)\PICC\Devices\18F67J94.h" Line 1281(12,13): Expecting a (
*** Error 1 "C:\Program Files (x86)\PICC\Devices\18F67J94.h" Line 1281(17,18): Illegal C character in input file  0xE6
*** Error 1 "C:\Program Files (x86)\PICC\Devices\18F67J94.h" Line 1281(17,18): Illegal C character in input file  0x40
*** Error 1 "C:\Program Files (x86)\PICC\Devices\18F67J94.h" Line 1281(17,18): Illegal C character in input file  0x01
*** Error 1 "C:\Program Files (x86)\PICC\Devices\18F67J94.h" Line 1281(17,18): Illegal C character in input file  0x00
*** Error 1 "C:\Program Files (x86)\PICC\Devices\18F67J94.h" Line 1281(17,18): Illegal C character in input file  0x00
*** Error 1 "C:\Program Files (x86)\PICC\Devices\18F67J94.h" Line 1281(17,18): Illegal C character in input file  0x00
*** Error 1 "C:\Program Files (x86)\PICC\Devices\18F67J94.h" Line 1281(17,18): Illegal C character in input file  0x00
*** Error 1 "C:\Program Files (x86)\PICC\Devices\18F67J94.h" Line 1281(17,18): Illegal C character in input file  0x00
*** Error 1 "C:\Program Files (x86)\PICC\Devices\18F67J94.h" Line 1281(17,18): Illegal C character in input file  0x00
*** Error 1 "C:\Program Files (x86)\PICC\Devices\18F67J94.h" Line 1281(17,18): Illegal C character in input file  0x00
*** Error 43 "C:\Program Files (x86)\PICC\Devices\18F67J94.h" Line 1281(17,18): Expecting a declaration
*** Error 1 "C:\Program Files (x86)\PICC\Devices\18F67J94.h" Line 1281(19,20): Illegal C character in input file  0x05
*** Error 1 "C:\Program Files (x86)\PICC\Devices\18F67J94.h" Line 1281(19,20): Illegal C character in input file  0x00
*** Error 1 "C:\Program Files (x86)\PICC\Devices\18F67J94.h" Line 1281(19,20): Illegal C character in input file  0x00
*** Error 1 "C:\Program Files (x86)\PICC\Devices\18F67J94.h" Line 1281(19,20): Illegal C character in input file  0xB0
*** Error 1 "C:\Program Files (x86)\PICC\Devices\18F67J94.h" Line 1281(19,20): Illegal C character in input file  0xD7
*** Error 1 "C:\Program Files (x86)\PICC\Devices\18F67J94.h" Line 1281(19,20): Illegal C character in input file  0x01
*** Error 1 "C:\Program Files (x86)\PICC\Devices\18F67J94.h" Line 1281(19,20): Illegal C character in input file  0x00
